running egg_info
writing ../../build/multi_plane_mission/multi_plane_mission.egg-info/PKG-INFO
writing dependency_links to ../../build/multi_plane_mission/multi_plane_mission.egg-info/dependency_links.txt
writing entry points to ../../build/multi_plane_mission/multi_plane_mission.egg-info/entry_points.txt
writing requirements to ../../build/multi_plane_mission/multi_plane_mission.egg-info/requires.txt
writing top-level names to ../../build/multi_plane_mission/multi_plane_mission.egg-info/top_level.txt
reading manifest file '../../build/multi_plane_mission/multi_plane_mission.egg-info/SOURCES.txt'
writing manifest file '../../build/multi_plane_mission/multi_plane_mission.egg-info/SOURCES.txt'
running build
running build_py
copying multi_plane_mission/single_plane_test.py -> /home/raft/ros2_ws/build/multi_plane_mission/build/lib/multi_plane_mission
running install
running install_lib
copying /home/raft/ros2_ws/build/multi_plane_mission/build/lib/multi_plane_mission/single_plane_test.py -> /home/raft/ros2_ws/install/multi_plane_mission/lib/python3.12/site-packages/multi_plane_mission
byte-compiling /home/raft/ros2_ws/install/multi_plane_mission/lib/python3.12/site-packages/multi_plane_mission/single_plane_test.py to single_plane_test.cpython-312.pyc
running install_data
running install_egg_info
removing '/home/raft/ros2_ws/install/multi_plane_mission/lib/python3.12/site-packages/multi_plane_mission-0.0.0-py3.12.egg-info' (and everything under it)
Copying ../../build/multi_plane_mission/multi_plane_mission.egg-info to /home/raft/ros2_ws/install/multi_plane_mission/lib/python3.12/site-packages/multi_plane_mission-0.0.0-py3.12.egg-info
running install_scripts
Installing mission_node script to /home/raft/ros2_ws/install/multi_plane_mission/lib/multi_plane_mission
Installing single_plane_test script to /home/raft/ros2_ws/install/multi_plane_mission/lib/multi_plane_mission
writing list of installed files to '/home/raft/ros2_ws/build/multi_plane_mission/install.log'
