[0.848s] Invoking command in '/home/raft/ros2_ws/src/multi_plane_mission': DEBUGINFOD_URLS=https://debuginfod.ubuntu.com PYTHONPATH=/home/raft/ros2_ws/build/multi_plane_mission/prefix_override:/usr/lib/python3/dist-packages/colcon_core/task/python/colcon_distutils_commands:/home/raft/ros2_ws/install/multi_plane_mission/lib/python3.12/site-packages:${PYTHONPATH} /usr/bin/python3 -W ignore:setup.py install is deprecated -W ignore:easy_install command is deprecated setup.py egg_info --egg-base ../../build/multi_plane_mission build --build-base /home/raft/ros2_ws/build/multi_plane_mission/build install --record /home/raft/ros2_ws/build/multi_plane_mission/install.log --single-version-externally-managed install_data
[1.203s] running egg_info
[1.229s] writing ../../build/multi_plane_mission/multi_plane_mission.egg-info/PKG-INFO
[1.229s] writing dependency_links to ../../build/multi_plane_mission/multi_plane_mission.egg-info/dependency_links.txt
[1.229s] writing entry points to ../../build/multi_plane_mission/multi_plane_mission.egg-info/entry_points.txt
[1.229s] writing requirements to ../../build/multi_plane_mission/multi_plane_mission.egg-info/requires.txt
[1.230s] writing top-level names to ../../build/multi_plane_mission/multi_plane_mission.egg-info/top_level.txt
[1.282s] reading manifest file '../../build/multi_plane_mission/multi_plane_mission.egg-info/SOURCES.txt'
[1.283s] writing manifest file '../../build/multi_plane_mission/multi_plane_mission.egg-info/SOURCES.txt'
[1.283s] running build
[1.283s] running build_py
[1.284s] copying multi_plane_mission/single_plane_test.py -> /home/raft/ros2_ws/build/multi_plane_mission/build/lib/multi_plane_mission
[1.284s] running install
[1.292s] running install_lib
[1.318s] copying /home/raft/ros2_ws/build/multi_plane_mission/build/lib/multi_plane_mission/single_plane_test.py -> /home/raft/ros2_ws/install/multi_plane_mission/lib/python3.12/site-packages/multi_plane_mission
[1.319s] byte-compiling /home/raft/ros2_ws/install/multi_plane_mission/lib/python3.12/site-packages/multi_plane_mission/single_plane_test.py to single_plane_test.cpython-312.pyc
[1.320s] running install_data
[1.320s] running install_egg_info
[1.347s] removing '/home/raft/ros2_ws/install/multi_plane_mission/lib/python3.12/site-packages/multi_plane_mission-0.0.0-py3.12.egg-info' (and everything under it)
[1.347s] Copying ../../build/multi_plane_mission/multi_plane_mission.egg-info to /home/raft/ros2_ws/install/multi_plane_mission/lib/python3.12/site-packages/multi_plane_mission-0.0.0-py3.12.egg-info
[1.348s] running install_scripts
[1.502s] Installing mission_node script to /home/raft/ros2_ws/install/multi_plane_mission/lib/multi_plane_mission
[1.502s] Installing single_plane_test script to /home/raft/ros2_ws/install/multi_plane_mission/lib/multi_plane_mission
[1.502s] writing list of installed files to '/home/raft/ros2_ws/build/multi_plane_mission/install.log'
[1.533s] Invoked command in '/home/raft/ros2_ws/src/multi_plane_mission' returned '0': DEBUGINFOD_URLS=https://debuginfod.ubuntu.com PYTHONPATH=/home/raft/ros2_ws/build/multi_plane_mission/prefix_override:/usr/lib/python3/dist-packages/colcon_core/task/python/colcon_distutils_commands:/home/raft/ros2_ws/install/multi_plane_mission/lib/python3.12/site-packages:${PYTHONPATH} /usr/bin/python3 -W ignore:setup.py install is deprecated -W ignore:easy_install command is deprecated setup.py egg_info --egg-base ../../build/multi_plane_mission build --build-base /home/raft/ros2_ws/build/multi_plane_mission/build install --record /home/raft/ros2_ws/build/multi_plane_mission/install.log --single-version-externally-managed install_data
